#-----------------------------------------------------------
# Vivado v2024.1 (64-bit)
# SW Build 5076996 on Wed May 22 18:37:14 MDT 2024
# IP Build 5075265 on Wed May 22 21:45:21 MDT 2024
# SharedData Build 5076995 on Wed May 22 18:29:18 MDT 2024
# Start of session at: Sat Nov  8 22:54:16 2025
# Process ID: 21600
# Current directory: D:/Mamba/CMamba/Verilog
# Command line: vivado.exe -mode tcl
# Log file: D:/Mamba/CMamba/Verilog/vivado.log
# Journal file: D:/Mamba/CMamba/Verilog\vivado.jou
# Running On        :DESKTOP-JL9PPGK
# Platform          :Windows Server 2016 or Windows 10
# Operating System  :26100
# Processor Detail  :Intel(R) Core(TM) i7-10510U CPU @ 1.80GHz
# CPU Frequency     :2304 MHz
# CPU Physical cores:4
# CPU Logical cores :8
# Host memory       :16918 MB
# Swap memory       :17219 MB
# Total Virtual     :34137 MB
# Available Virtual :6608 MB
#-----------------------------------------------------------
Vivado% 