INFO: [VRFC 10-2263] Analyzing SystemVerilog file "D:/Mamba/hardware_reconstruct/rtl_reuse_shared/pe_unit_pipe.sv" into library xil_defaultlib
INFO: [VRFC 10-311] analyzing module pe_unit_pipe
INFO: [VRFC 10-2263] Analyzing SystemVerilog file "D:/Mamba/hardware_reconstruct/rtl_reuse_shared/reuse_array4x4.sv" into library xil_defaultlib
INFO: [VRFC 10-311] analyzing module reuse_array4x4
INFO: [VRFC 10-2263] Analyzing SystemVerilog file "D:/Mamba/hardware_reconstruct/rtl_reuse_shared/reuse_ht_sram.sv" into library xil_defaultlib
INFO: [VRFC 10-311] analyzing module reuse_ht_sram
INFO: [VRFC 10-2263] Analyzing SystemVerilog file "D:/Mamba/hardware_reconstruct/rtl_reuse_shared/reuse_in_proj_scheduler.sv" into library xil_defaultlib
INFO: [VRFC 10-311] analyzing module reuse_in_proj_scheduler
INFO: [VRFC 10-2263] Analyzing SystemVerilog file "D:/Mamba/hardware_reconstruct/rtl_reuse_shared/reuse_inproj_weight_sram.sv" into library xil_defaultlib
INFO: [VRFC 10-311] analyzing module reuse_inproj_weight_sram
INFO: [VRFC 10-2263] Analyzing SystemVerilog file "D:/Mamba/hardware_reconstruct/rtl_reuse_shared/reuse_pipeline_4array_top.sv" into library xil_defaultlib
INFO: [VRFC 10-311] analyzing module reuse_pipeline_4array_top
INFO: [VRFC 10-2263] Analyzing SystemVerilog file "D:/Mamba/hardware_reconstruct/rtl_reuse_shared/reuse_pipeline_4array_with_reduction.sv" into library xil_defaultlib
INFO: [VRFC 10-311] analyzing module reuse_pipeline_4array_with_reduction
INFO: [VRFC 10-2263] Analyzing SystemVerilog file "D:/Mamba/hardware_reconstruct/rtl_reuse_shared/reuse_reduction_accumulator.sv" into library xil_defaultlib
INFO: [VRFC 10-311] analyzing module reuse_reduction_accumulator
INFO: [VRFC 10-2263] Analyzing SystemVerilog file "D:/Mamba/hardware_reconstruct/rtl_reuse_shared/reuse_shared_mac_fabric.sv" into library xil_defaultlib
INFO: [VRFC 10-311] analyzing module reuse_shared_mac_fabric
INFO: [VRFC 10-2263] Analyzing SystemVerilog file "D:/Mamba/hardware_reconstruct/rtl_reuse_shared/reuse_vec_out_sram.sv" into library xil_defaultlib
INFO: [VRFC 10-311] analyzing module reuse_vec_out_sram
INFO: [VRFC 10-2263] Analyzing SystemVerilog file "D:/Mamba/hardware_reconstruct/rtl_reuse_shared/slim_multi_bank_wbuf_dp.sv" into library xil_defaultlib
INFO: [VRFC 10-311] analyzing module slim_multi_bank_wbuf_dp
INFO: [VRFC 10-2263] Analyzing SystemVerilog file "D:/Mamba/hardware_reconstruct/tb/tb_reuse_in_proj_scheduler.sv" into library xil_defaultlib
INFO: [VRFC 10-311] analyzing module tb_reuse_in_proj_scheduler
