Time resolution is 1 ps
Block Memory Generator module tb_reuse_mamba_block_top.dut.u_ssm_core.u_ew.u_s_buffer.inst.native_mem_module.blk_mem_gen_v8_4_8_inst is using a behavioral model for simulation which will not precisely model memory collision behavior.
Note: Actual FIFO Depth = 513
Time: 0 ps  Iteration: 0
Note:  DEPTH = 512 WIDTH = 72 C_RD_PRIM_WIDTH = 72 C_RD_PRIM_DEPTH = 512 DEEP = 1 WIDE = 1
Time: 0 ps  Iteration: 0
Note: Actual FIFO Depth = 513
Time: 0 ps  Iteration: 0
Note:  DEPTH = 512 WIDTH = 72 C_RD_PRIM_WIDTH = 72 C_RD_PRIM_DEPTH = 512 DEEP = 1 WIDE = 1
Time: 0 ps  Iteration: 0
Note: Actual FIFO Depth = 513
Time: 0 ps  Iteration: 0
Note:  DEPTH = 512 WIDTH = 72 C_RD_PRIM_WIDTH = 72 C_RD_PRIM_DEPTH = 512 DEEP = 1 WIDE = 1
Time: 0 ps  Iteration: 0
[29000] init weight memories
[29000] write h_t SRAM
[95000] start in_proj
[4453000] in_proj done, nonzero u tiles = 64
[4469000] dt start accepted
[4469000] dt requests u SRAM addr 0
[4501000] dt requests u SRAM addr 1
[4535000] dt start accepted
[4535000] dt requests u SRAM addr 1
[4567000] dt requests u SRAM addr 2
[4601000] dt start accepted
[4601000] dt requests u SRAM addr 2
[4633000] dt requests u SRAM addr 3
[4667000] dt start accepted
[4667000] dt requests u SRAM addr 3
[4699000] dt requests u SRAM addr 4
[4807000] PASS reuse_mamba_block_top u_t handoff checks=8 requests=8 xt_checks=4
$finish called at time : 4807 ns : File "D:/Mamba/hardware_reconstruct/tb/tb_reuse_mamba_block_top.sv" Line 339
Block Memory Generator module tb_reuse_mamba_block_top.dut.u_ssm_core.u_ew.u_s_buffer.inst.native_mem_module.blk_mem_gen_v8_4_8_inst is using a behavioral model for simulation which will not precisely model memory collision behavior.
Note: Actual FIFO Depth = 513
Time: 0 ps  Iteration: 0
Note:  DEPTH = 512 WIDTH = 72 C_RD_PRIM_WIDTH = 72 C_RD_PRIM_DEPTH = 512 DEEP = 1 WIDE = 1
Time: 0 ps  Iteration: 0
Note: Actual FIFO Depth = 513
Time: 0 ps  Iteration: 0
Note:  DEPTH = 512 WIDTH = 72 C_RD_PRIM_WIDTH = 72 C_RD_PRIM_DEPTH = 512 DEEP = 1 WIDE = 1
Time: 0 ps  Iteration: 0
Note: Actual FIFO Depth = 513
Time: 0 ps  Iteration: 0
Note:  DEPTH = 512 WIDTH = 72 C_RD_PRIM_WIDTH = 72 C_RD_PRIM_DEPTH = 512 DEEP = 1 WIDE = 1
Time: 0 ps  Iteration: 0
[29000] init weight memories
[29000] write h_t SRAM
[95000] start in_proj
[4453000] in_proj done, nonzero u tiles = 64
[4469000] dt start accepted
[4469000] dt requests u SRAM addr 0
[4501000] dt requests u SRAM addr 1
[4535000] dt start accepted
[4535000] dt requests u SRAM addr 1
[4567000] dt requests u SRAM addr 2
[4601000] dt start accepted
[4601000] dt requests u SRAM addr 2
[4633000] dt requests u SRAM addr 3
[4667000] dt start accepted
[4667000] dt requests u SRAM addr 3
[4699000] dt requests u SRAM addr 4
[4807000] PASS reuse_mamba_block_top u_t handoff checks=8 requests=8 xt_checks=4
$finish called at time : 4807 ns : File "D:/Mamba/hardware_reconstruct/tb/tb_reuse_mamba_block_top.sv" Line 339
